<?xml version="1.0" encoding="UTF-8"?>
<!-- Generated by org.testng.reporters.JUnitXMLReporter -->
<testsuite ignored="0" hostname="DESKTOP-60NN6LG" failures="0" tests="2" name="Error Validations Test" time="14.267" errors="0" timestamp="2024-10-06T16:55:12 IST">
  <testcase classname="rahulshettyacademy.tests.ErrorValidationsTest" name="LoginErrorValidation" time="0.984"/>
  <testcase classname="rahulshettyacademy.tests.ErrorValidationsTest" name="ProductErrorValidation" time="3.033"/>
</testsuite> <!-- Error Validations Test -->
